app/build/intermediates/manifest_merge_blame_file/release/manifest-merger-blame-release-report.txt
1<?xml version="1.0" encoding="utf-8"?>
2<manifest xmlns:android="http://schemas.android.com/apk/res/android"
3    package="com.all_qr_generator.qr_ganerator_android_app"
4    android:versionCode="2"
5    android:versionName="1.1.0" >
6
7    <uses-sdk
8        android:minSdkVersion="24"
8-->src\main\AndroidManifest.xml
9        android:targetSdkVersion="34" />
9-->src\main\AndroidManifest.xml
10
11    <permission
11-->[androidx.core:core:1.12.0] AndroidManifest.xml:22:5-24:47
12        android:name="com.all_qr_generator.qr_ganerator_android_app.DYNAMIC_RECEIVER_NOT_EXPORTED_PERMISSION"
12-->[androidx.core:core:1.12.0] AndroidManifest.xml:23:9-81
13        android:protectionLevel="signature" />
13-->[androidx.core:core:1.12.0] AndroidManifest.xml:24:9-44
14
15    <uses-permission android:name="com.all_qr_generator.qr_ganerator_android_app.DYNAMIC_RECEIVER_NOT_EXPORTED_PERMISSION" />
15-->[androidx.core:core:1.12.0] AndroidManifest.xml:26:5-97
15-->[androidx.core:core:1.12.0] AndroidManifest.xml:26:22-94
16    <uses-permission android:name="android.permission.CAMERA" /> <!-- Don't require camera, as this requires a rear camera. This allows it to work on the Nexus 7 -->
16-->[com.journeyapps:zxing-android-embedded:4.3.0] AndroidManifest.xml:22:5-65
16-->[com.journeyapps:zxing-android-embedded:4.3.0] AndroidManifest.xml:22:22-62
17    <uses-feature
17-->[com.journeyapps:zxing-android-embedded:4.3.0] AndroidManifest.xml:25:5-27:36
18        android:name="android.hardware.camera"
18-->[com.journeyapps:zxing-android-embedded:4.3.0] AndroidManifest.xml:26:9-47
19        android:required="false" />
19-->[com.journeyapps:zxing-android-embedded:4.3.0] AndroidManifest.xml:27:9-33
20    <uses-feature
20-->[com.journeyapps:zxing-android-embedded:4.3.0] AndroidManifest.xml:28:5-30:36
21        android:name="android.hardware.camera.front"
21-->[com.journeyapps:zxing-android-embedded:4.3.0] AndroidManifest.xml:29:9-53
22        android:required="false" /> <!-- TODO replace above two with next line after Android 4.2 -->
22-->[com.journeyapps:zxing-android-embedded:4.3.0] AndroidManifest.xml:30:9-33
23    <!-- <uses-feature android:name="android.hardware.camera.any"/> -->
24    <uses-feature
24-->[com.journeyapps:zxing-android-embedded:4.3.0] AndroidManifest.xml:33:5-35:36
25        android:name="android.hardware.camera.autofocus"
25-->[com.journeyapps:zxing-android-embedded:4.3.0] AndroidManifest.xml:34:9-57
26        android:required="false" />
26-->[com.journeyapps:zxing-android-embedded:4.3.0] AndroidManifest.xml:35:9-33
27    <uses-feature
27-->[com.journeyapps:zxing-android-embedded:4.3.0] AndroidManifest.xml:36:5-38:36
28        android:name="android.hardware.camera.flash"
28-->[com.journeyapps:zxing-android-embedded:4.3.0] AndroidManifest.xml:37:9-53
29        android:required="false" />
29-->[com.journeyapps:zxing-android-embedded:4.3.0] AndroidManifest.xml:38:9-33
30    <uses-feature
30-->[com.journeyapps:zxing-android-embedded:4.3.0] AndroidManifest.xml:39:5-41:36
31        android:name="android.hardware.screen.landscape"
31-->[com.journeyapps:zxing-android-embedded:4.3.0] AndroidManifest.xml:40:9-57
32        android:required="false" />
32-->[com.journeyapps:zxing-android-embedded:4.3.0] AndroidManifest.xml:41:9-33
33    <uses-feature
33-->[com.journeyapps:zxing-android-embedded:4.3.0] AndroidManifest.xml:42:5-44:36
34        android:name="android.hardware.wifi"
34-->[com.journeyapps:zxing-android-embedded:4.3.0] AndroidManifest.xml:43:9-45
35        android:required="false" />
35-->[com.journeyapps:zxing-android-embedded:4.3.0] AndroidManifest.xml:44:9-33
36
37    <application
37-->src\main\AndroidManifest.xml:5:5-50:19
38        android:allowBackup="true"
38-->src\main\AndroidManifest.xml:6:9-35
39        android:appComponentFactory="androidx.core.app.CoreComponentFactory"
39-->[androidx.core:core:1.12.0] AndroidManifest.xml:28:18-86
40        android:dataExtractionRules="@xml/data_extraction_rules"
40-->src\main\AndroidManifest.xml:7:9-65
41        android:extractNativeLibs="false"
42        android:fullBackupContent="@xml/backup_rules"
42-->src\main\AndroidManifest.xml:8:9-54
43        android:icon="@mipmap/ic_launcher"
43-->src\main\AndroidManifest.xml:9:9-43
44        android:label="@string/app_name"
44-->src\main\AndroidManifest.xml:10:9-41
45        android:supportsRtl="true"
45-->src\main\AndroidManifest.xml:11:9-35
46        android:theme="@style/Theme.QRGaneratorAndroidApp" >
46-->src\main\AndroidManifest.xml:12:9-59
47        <activity
47-->src\main\AndroidManifest.xml:14:9-16:40
48            android:name="com.all_qr_generator.qr_ganerator_android_app.Text_to_qr"
48-->src\main\AndroidManifest.xml:15:13-39
49            android:exported="false" />
49-->src\main\AndroidManifest.xml:16:13-37
50        <activity
50-->src\main\AndroidManifest.xml:17:9-19:40
51            android:name="com.all_qr_generator.qr_ganerator_android_app.UPI_to_qr"
51-->src\main\AndroidManifest.xml:18:13-38
52            android:exported="false" />
52-->src\main\AndroidManifest.xml:19:13-37
53        <activity
53-->src\main\AndroidManifest.xml:20:9-22:40
54            android:name="com.all_qr_generator.qr_ganerator_android_app.Whataspp_to_QR"
54-->src\main\AndroidManifest.xml:21:13-43
55            android:exported="false" />
55-->src\main\AndroidManifest.xml:22:13-37
56        <activity
56-->src\main\AndroidManifest.xml:23:9-25:40
57            android:name="com.all_qr_generator.qr_ganerator_android_app.Call_to_qr"
57-->src\main\AndroidManifest.xml:24:13-39
58            android:exported="false" />
58-->src\main\AndroidManifest.xml:25:13-37
59        <activity
59-->src\main\AndroidManifest.xml:26:9-28:40
60            android:name="com.all_qr_generator.qr_ganerator_android_app.call_to_qr"
60-->src\main\AndroidManifest.xml:27:13-39
61            android:exported="false" />
61-->src\main\AndroidManifest.xml:28:13-37
62        <activity
62-->src\main\AndroidManifest.xml:29:9-31:40
63            android:name="com.all_qr_generator.qr_ganerator_android_app.Msg_to_qr"
63-->src\main\AndroidManifest.xml:30:13-38
64            android:exported="false" />
64-->src\main\AndroidManifest.xml:31:13-37
65        <activity
65-->src\main\AndroidManifest.xml:32:9-34:40
66            android:name="com.all_qr_generator.qr_ganerator_android_app.Url_To_Qr"
66-->src\main\AndroidManifest.xml:33:13-38
67            android:exported="false" />
67-->src\main\AndroidManifest.xml:34:13-37
68        <activity
68-->src\main\AndroidManifest.xml:35:9-37:40
69            android:name="com.all_qr_generator.qr_ganerator_android_app.temp_activity"
69-->src\main\AndroidManifest.xml:36:13-42
70            android:exported="false" />
70-->src\main\AndroidManifest.xml:37:13-37
71        <activity
71-->src\main\AndroidManifest.xml:38:9-40:40
72            android:name="com.all_qr_generator.qr_ganerator_android_app.MainActivity"
72-->src\main\AndroidManifest.xml:39:13-41
73            android:exported="false" />
73-->src\main\AndroidManifest.xml:40:13-37
74        <activity
74-->src\main\AndroidManifest.xml:41:9-49:20
75            android:name="com.all_qr_generator.qr_ganerator_android_app.feature_list"
75-->src\main\AndroidManifest.xml:42:13-41
76            android:exported="true" >
76-->src\main\AndroidManifest.xml:43:13-36
77            <intent-filter>
77-->src\main\AndroidManifest.xml:44:13-48:29
78                <action android:name="android.intent.action.MAIN" />
78-->src\main\AndroidManifest.xml:45:17-69
78-->src\main\AndroidManifest.xml:45:25-66
79
80                <category android:name="android.intent.category.LAUNCHER" />
80-->src\main\AndroidManifest.xml:47:17-77
80-->src\main\AndroidManifest.xml:47:27-74
81            </intent-filter>
82        </activity>
83
84        <provider
84-->[androidx.emoji2:emoji2:1.2.0] AndroidManifest.xml:24:9-32:20
85            android:name="androidx.startup.InitializationProvider"
85-->[androidx.emoji2:emoji2:1.2.0] AndroidManifest.xml:25:13-67
86            android:authorities="com.all_qr_generator.qr_ganerator_android_app.androidx-startup"
86-->[androidx.emoji2:emoji2:1.2.0] AndroidManifest.xml:26:13-68
87            android:exported="false" >
87-->[androidx.emoji2:emoji2:1.2.0] AndroidManifest.xml:27:13-37
88            <meta-data
88-->[androidx.emoji2:emoji2:1.2.0] AndroidManifest.xml:29:13-31:52
89                android:name="androidx.emoji2.text.EmojiCompatInitializer"
89-->[androidx.emoji2:emoji2:1.2.0] AndroidManifest.xml:30:17-75
90                android:value="androidx.startup" />
90-->[androidx.emoji2:emoji2:1.2.0] AndroidManifest.xml:31:17-49
91            <meta-data
91-->[androidx.lifecycle:lifecycle-process:2.6.1] AndroidManifest.xml:29:13-31:52
92                android:name="androidx.lifecycle.ProcessLifecycleInitializer"
92-->[androidx.lifecycle:lifecycle-process:2.6.1] AndroidManifest.xml:30:17-78
93                android:value="androidx.startup" />
93-->[androidx.lifecycle:lifecycle-process:2.6.1] AndroidManifest.xml:31:17-49
94            <meta-data
94-->[androidx.profileinstaller:profileinstaller:1.3.0] AndroidManifest.xml:29:13-31:52
95                android:name="androidx.profileinstaller.ProfileInstallerInitializer"
95-->[androidx.profileinstaller:profileinstaller:1.3.0] AndroidManifest.xml:30:17-85
96                android:value="androidx.startup" />
96-->[androidx.profileinstaller:profileinstaller:1.3.0] AndroidManifest.xml:31:17-49
97        </provider>
98
99        <activity
99-->[com.journeyapps:zxing-android-embedded:4.3.0] AndroidManifest.xml:47:9-53:63
100            android:name="com.journeyapps.barcodescanner.CaptureActivity"
100-->[com.journeyapps:zxing-android-embedded:4.3.0] AndroidManifest.xml:48:13-74
101            android:clearTaskOnLaunch="true"
101-->[com.journeyapps:zxing-android-embedded:4.3.0] AndroidManifest.xml:49:13-45
102            android:screenOrientation="sensorLandscape"
102-->[com.journeyapps:zxing-android-embedded:4.3.0] AndroidManifest.xml:50:13-56
103            android:stateNotNeeded="true"
103-->[com.journeyapps:zxing-android-embedded:4.3.0] AndroidManifest.xml:51:13-42
104            android:theme="@style/zxing_CaptureTheme"
104-->[com.journeyapps:zxing-android-embedded:4.3.0] AndroidManifest.xml:52:13-54
105            android:windowSoftInputMode="stateAlwaysHidden" />
105-->[com.journeyapps:zxing-android-embedded:4.3.0] AndroidManifest.xml:53:13-60
106
107        <receiver
107-->[androidx.profileinstaller:profileinstaller:1.3.0] AndroidManifest.xml:34:9-52:20
108            android:name="androidx.profileinstaller.ProfileInstallReceiver"
108-->[androidx.profileinstaller:profileinstaller:1.3.0] AndroidManifest.xml:35:13-76
109            android:directBootAware="false"
109-->[androidx.profileinstaller:profileinstaller:1.3.0] AndroidManifest.xml:36:13-44
110            android:enabled="true"
110-->[androidx.profileinstaller:profileinstaller:1.3.0] AndroidManifest.xml:37:13-35
111            android:exported="true"
111-->[androidx.profileinstaller:profileinstaller:1.3.0] AndroidManifest.xml:38:13-36
112            android:permission="android.permission.DUMP" >
112-->[androidx.profileinstaller:profileinstaller:1.3.0] AndroidManifest.xml:39:13-57
113            <intent-filter>
113-->[androidx.profileinstaller:profileinstaller:1.3.0] AndroidManifest.xml:40:13-42:29
114                <action android:name="androidx.profileinstaller.action.INSTALL_PROFILE" />
114-->[androidx.profileinstaller:profileinstaller:1.3.0] AndroidManifest.xml:41:17-91
114-->[androidx.profileinstaller:profileinstaller:1.3.0] AndroidManifest.xml:41:25-88
115            </intent-filter>
116            <intent-filter>
116-->[androidx.profileinstaller:profileinstaller:1.3.0] AndroidManifest.xml:43:13-45:29
117                <action android:name="androidx.profileinstaller.action.SKIP_FILE" />
117-->[androidx.profileinstaller:profileinstaller:1.3.0] AndroidManifest.xml:44:17-85
117-->[androidx.profileinstaller:profileinstaller:1.3.0] AndroidManifest.xml:44:25-82
118            </intent-filter>
119            <intent-filter>
119-->[androidx.profileinstaller:profileinstaller:1.3.0] AndroidManifest.xml:46:13-48:29
120                <action android:name="androidx.profileinstaller.action.SAVE_PROFILE" />
120-->[androidx.profileinstaller:profileinstaller:1.3.0] AndroidManifest.xml:47:17-88
120-->[androidx.profileinstaller:profileinstaller:1.3.0] AndroidManifest.xml:47:25-85
121            </intent-filter>
122            <intent-filter>
122-->[androidx.profileinstaller:profileinstaller:1.3.0] AndroidManifest.xml:49:13-51:29
123                <action android:name="androidx.profileinstaller.action.BENCHMARK_OPERATION" />
123-->[androidx.profileinstaller:profileinstaller:1.3.0] AndroidManifest.xml:50:17-95
123-->[androidx.profileinstaller:profileinstaller:1.3.0] AndroidManifest.xml:50:25-92
124            </intent-filter>
125        </receiver>
126    </application>
127
128</manifest>